2019-06-29 19:06:12.688 INFO  [main]com.lerr.demo.SpringbootBaseDemoApplication.logStarting():50 -Starting SpringbootBaseDemoApplication on yangs-mbp.local with PID 3445 (/Users/yangliu/Documents/code/java/springboot-base/target/classes started by yangliu in /Users/yangliu/Documents/code/java/springboot-base)
2019-06-29 19:06:12.692 INFO  [main]com.lerr.demo.SpringbootBaseDemoApplication.logStartupProfileInfo():666 -The following profiles are active: local
2019-06-29 19:06:12.805 INFO  [main]o.s.b.w.s.c.AnnotationConfigServletWebServerApplicationContext.prepareRefresh():590 -Refreshing org.springframework.boot.web.servlet.context.AnnotationConfigServletWebServerApplicationContext@673be18f: startup date [Sat Jun 29 19:06:12 CST 2019]; root of context hierarchy
2019-06-29 19:06:13.808 WARN  [main]org.mybatis.spring.mapper.ClassPathMapperScanner.doScan():166 -No MyBatis mapper was found in '[com.lerr.demo.mapper]' package. Please check your configuration.
2019-06-29 19:06:13.998 DEBUG [main]o.m.spring.boot.autoconfigure.MybatisAutoConfiguration.registerBeanDefinitions():184 -Searching for mappers annotated with @Mapper
2019-06-29 19:06:14.000 DEBUG [main]o.m.spring.boot.autoconfigure.MybatisAutoConfiguration.registerBeanDefinitions():196 -Using auto-configuration base package 'com.lerr.demo'
2019-06-29 19:06:14.002 WARN  [main]org.mybatis.spring.mapper.ClassPathMapperScanner.doScan():166 -No MyBatis mapper was found in '[com.lerr.demo]' package. Please check your configuration.
2019-06-29 19:06:14.592 INFO  [main]o.s.c.s.PostProcessorRegistrationDelegate$BeanPostProcessorChecker.postProcessAfterInitialization():326 -Bean 'org.springframework.transaction.annotation.ProxyTransactionManagementConfiguration' of type [org.springframework.transaction.annotation.ProxyTransactionManagementConfiguration$$EnhancerBySpringCGLIB$$bfddea0d] is not eligible for getting processed by all BeanPostProcessors (for example: not eligible for auto-proxying)
2019-06-29 19:06:15.334 INFO  [main]o.s.boot.web.embedded.tomcat.TomcatWebServer.initialize():91 -Tomcat initialized with port(s): 8090 (http)
2019-06-29 19:06:15.355 INFO  [main]org.apache.coyote.http11.Http11NioProtocol.log():180 -Initializing ProtocolHandler ["http-nio-8090"]
2019-06-29 19:06:15.371 INFO  [main]org.apache.catalina.core.StandardService.log():180 -Starting service [Tomcat]
2019-06-29 19:06:15.371 INFO  [main]org.apache.catalina.core.StandardEngine.log():180 -Starting Servlet Engine: Apache Tomcat/8.5.32
2019-06-29 19:06:15.377 INFO  [localhost-startStop-1]org.apache.catalina.core.AprLifecycleListener.log():180 -The APR based Apache Tomcat Native library which allows optimal performance in production environments was not found on the java.library.path: [/Users/yangliu/Library/Java/Extensions:/Library/Java/Extensions:/Network/Library/Java/Extensions:/System/Library/Java/Extensions:/usr/lib/java:.]
2019-06-29 19:06:15.462 INFO  [localhost-startStop-1]o.a.c.core.ContainerBase.[Tomcat].[localhost].[/demo].log():180 -Initializing Spring embedded WebApplicationContext
2019-06-29 19:06:15.462 INFO  [localhost-startStop-1]org.springframework.web.context.ContextLoader.prepareWebApplicationContext():285 -Root WebApplicationContext: initialization completed in 2657 ms
2019-06-29 19:06:15.893 INFO  [localhost-startStop-1]c.a.d.s.boot.autoconfigure.DruidDataSourceAutoConfigure.dataSource():56 -Init DruidDataSource
2019-06-29 19:06:16.662 INFO  [localhost-startStop-1]com.alibaba.druid.pool.DruidDataSource.init():930 -{dataSource-1} inited
2019-06-29 19:06:17.013 INFO  [localhost-startStop-1]o.s.boot.web.servlet.FilterRegistrationBean.configure():245 -Mapping filter: 'characterEncodingFilter' to: [/*]
2019-06-29 19:06:17.014 INFO  [localhost-startStop-1]o.s.boot.web.servlet.FilterRegistrationBean.configure():245 -Mapping filter: 'webMvcMetricsFilter' to: [/*]
2019-06-29 19:06:17.014 INFO  [localhost-startStop-1]o.s.boot.web.servlet.FilterRegistrationBean.configure():245 -Mapping filter: 'hiddenHttpMethodFilter' to: [/*]
2019-06-29 19:06:17.014 INFO  [localhost-startStop-1]o.s.boot.web.servlet.FilterRegistrationBean.configure():245 -Mapping filter: 'httpPutFormContentFilter' to: [/*]
2019-06-29 19:06:17.014 INFO  [localhost-startStop-1]o.s.boot.web.servlet.FilterRegistrationBean.configure():245 -Mapping filter: 'requestContextFilter' to: [/*]
2019-06-29 19:06:17.014 INFO  [localhost-startStop-1]o.s.boot.web.servlet.FilterRegistrationBean.configure():245 -Mapping filter: 'httpTraceFilter' to: [/*]
2019-06-29 19:06:17.015 INFO  [localhost-startStop-1]o.s.boot.web.servlet.FilterRegistrationBean.configure():258 -Mapping filter: 'webStatFilter' to urls: [/*]
2019-06-29 19:06:17.015 INFO  [localhost-startStop-1]o.s.boot.web.servlet.ServletRegistrationBean.addRegistration():187 -Servlet dispatcherServlet mapped to [/]
2019-06-29 19:06:17.016 INFO  [localhost-startStop-1]o.s.boot.web.servlet.ServletRegistrationBean.addRegistration():187 -Servlet statViewServlet mapped to [/druid/*]
2019-06-29 19:06:17.742 INFO  [main]o.s.w.s.m.method.annotation.RequestMappingHandlerMapping.register():547 -Mapped "{[/swagger-resources]}" onto public org.springframework.http.ResponseEntity<java.util.List<springfox.documentation.swagger.web.SwaggerResource>> springfox.documentation.swagger.web.ApiResourceController.swaggerResources()
2019-06-29 19:06:17.745 INFO  [main]o.s.w.s.m.method.annotation.RequestMappingHandlerMapping.register():547 -Mapped "{[/swagger-resources/configuration/security]}" onto public org.springframework.http.ResponseEntity<springfox.documentation.swagger.web.SecurityConfiguration> springfox.documentation.swagger.web.ApiResourceController.securityConfiguration()
2019-06-29 19:06:17.746 INFO  [main]o.s.w.s.m.method.annotation.RequestMappingHandlerMapping.register():547 -Mapped "{[/swagger-resources/configuration/ui]}" onto public org.springframework.http.ResponseEntity<springfox.documentation.swagger.web.UiConfiguration> springfox.documentation.swagger.web.ApiResourceController.uiConfiguration()
2019-06-29 19:06:17.752 INFO  [main]o.s.w.s.m.method.annotation.RequestMappingHandlerMapping.register():547 -Mapped "{[/error]}" onto public org.springframework.http.ResponseEntity<java.util.Map<java.lang.String, java.lang.Object>> org.springframework.boot.autoconfigure.web.servlet.error.BasicErrorController.error(javax.servlet.http.HttpServletRequest)
2019-06-29 19:06:17.753 INFO  [main]o.s.w.s.m.method.annotation.RequestMappingHandlerMapping.register():547 -Mapped "{[/error],produces=[text/html]}" onto public org.springframework.web.servlet.ModelAndView org.springframework.boot.autoconfigure.web.servlet.error.BasicErrorController.errorHtml(javax.servlet.http.HttpServletRequest,javax.servlet.http.HttpServletResponse)
2019-06-29 19:06:17.895 INFO  [main]o.s.boot.actuate.endpoint.web.EndpointLinksResolver.<init>():59 -Exposing 2 endpoint(s) beneath base path '/actuator'
2019-06-29 19:06:17.908 INFO  [main]o.s.b.a.e.web.servlet.WebMvcEndpointHandlerMapping.register():547 -Mapped "{[/actuator/health],methods=[GET],produces=[application/vnd.spring-boot.actuator.v2+json || application/json]}" onto public java.lang.Object org.springframework.boot.actuate.endpoint.web.servlet.AbstractWebMvcEndpointHandlerMapping$OperationHandler.handle(javax.servlet.http.HttpServletRequest,java.util.Map<java.lang.String, java.lang.String>)
2019-06-29 19:06:17.909 INFO  [main]o.s.b.a.e.web.servlet.WebMvcEndpointHandlerMapping.register():547 -Mapped "{[/actuator/info],methods=[GET],produces=[application/vnd.spring-boot.actuator.v2+json || application/json]}" onto public java.lang.Object org.springframework.boot.actuate.endpoint.web.servlet.AbstractWebMvcEndpointHandlerMapping$OperationHandler.handle(javax.servlet.http.HttpServletRequest,java.util.Map<java.lang.String, java.lang.String>)
2019-06-29 19:06:17.910 INFO  [main]o.s.b.a.e.web.servlet.WebMvcEndpointHandlerMapping.register():547 -Mapped "{[/actuator],methods=[GET],produces=[application/vnd.spring-boot.actuator.v2+json || application/json]}" onto protected java.util.Map<java.lang.String, java.util.Map<java.lang.String, org.springframework.boot.actuate.endpoint.web.Link>> org.springframework.boot.actuate.endpoint.web.servlet.WebMvcEndpointHandlerMapping.links(javax.servlet.http.HttpServletRequest,javax.servlet.http.HttpServletResponse)
2019-06-29 19:06:18.079 INFO  [main]s.d.s.web.PropertySourcedRequestMappingHandlerMapping.initHandlerMethods():69 -Mapped URL path [/v2/api-docs] onto method [public org.springframework.http.ResponseEntity<springfox.documentation.spring.web.json.Json> springfox.documentation.swagger2.web.Swagger2Controller.getDocumentation(java.lang.String,javax.servlet.http.HttpServletRequest)]
2019-06-29 19:06:18.148 INFO  [main]o.s.web.servlet.handler.SimpleUrlHandlerMapping.registerHandler():373 -Mapped URL path [/**/favicon.ico] onto handler of type [class org.springframework.web.servlet.resource.ResourceHttpRequestHandler]
2019-06-29 19:06:18.198 INFO  [main]o.s.w.s.m.method.annotation.RequestMappingHandlerAdapter.initControllerAdviceCache():574 -Looking for @ControllerAdvice: org.springframework.boot.web.servlet.context.AnnotationConfigServletWebServerApplicationContext@673be18f: startup date [Sat Jun 29 19:06:12 CST 2019]; root of context hierarchy
2019-06-29 19:06:18.253 INFO  [main]o.s.web.servlet.handler.SimpleUrlHandlerMapping.registerHandler():373 -Mapped URL path [/webjars/**] onto handler of type [class org.springframework.web.servlet.resource.ResourceHttpRequestHandler]
2019-06-29 19:06:18.253 INFO  [main]o.s.web.servlet.handler.SimpleUrlHandlerMapping.registerHandler():373 -Mapped URL path [/**] onto handler of type [class org.springframework.web.servlet.resource.ResourceHttpRequestHandler]
2019-06-29 19:06:18.320 INFO  [main]o.s.b.a.web.servlet.WelcomePageHandlerMapping.<init>():56 -Adding welcome page: class path resource [static/index.html]
2019-06-29 19:06:18.333 DEBUG [main]o.m.spring.boot.autoconfigure.MybatisAutoConfiguration.afterPropertiesSet():234 -No org.mybatis.spring.mapper.MapperFactoryBean found.
2019-06-29 19:06:18.419 DEBUG [main]org.mybatis.spring.SqlSessionFactoryBean.buildSqlSessionFactory():437 -Scanned package: 'classpath*:com.lerr.demo.model.gen' for aliases
2019-06-29 19:06:18.420 DEBUG [main]org.mybatis.spring.SqlSessionFactoryBean.buildSqlSessionFactory():534 -Property 'mapperLocations' was not specified or no matching resources found
2019-06-29 19:06:18.725 INFO  [main]org.springframework.ui.freemarker.SpringTemplateLoader.<init>():62 -SpringTemplateLoader for FreeMarker: using resource loader [org.springframework.boot.web.servlet.context.AnnotationConfigServletWebServerApplicationContext@673be18f: startup date [Sat Jun 29 19:06:12 CST 2019]; root of context hierarchy] and template loader path [classpath:/templates/]
2019-06-29 19:06:18.726 INFO  [main]o.s.web.servlet.view.freemarker.FreeMarkerConfigurer.postProcessTemplateLoaders():131 -ClassTemplateLoader for Spring macros added to FreeMarker configuration
2019-06-29 19:06:18.758 WARN  [main]o.s.b.a.freemarker.FreeMarkerAutoConfiguration.checkTemplateLocationExists():70 -Cannot find template location(s): [classpath:/templates/] (please add some templates, check your FreeMarker configuration, or set spring.freemarker.checkTemplateLocation=false)
2019-06-29 19:06:18.926 INFO  [main]o.s.jmx.export.annotation.AnnotationMBeanExporter.afterSingletonsInstantiated():433 -Registering beans for JMX exposure on startup
2019-06-29 19:06:18.927 INFO  [main]o.s.jmx.export.annotation.AnnotationMBeanExporter.autodetect():895 -Bean with name 'statFilter' has been autodetected for JMX exposure
2019-06-29 19:06:18.927 INFO  [main]o.s.jmx.export.annotation.AnnotationMBeanExporter.autodetect():895 -Bean with name 'dataSource' has been autodetected for JMX exposure
2019-06-29 19:06:18.938 INFO  [main]o.s.jmx.export.annotation.AnnotationMBeanExporter.registerBeanInstance():668 -Located MBean 'dataSource': registering with JMX server as MBean [com.alibaba.druid.spring.boot.autoconfigure:name=dataSource,type=DruidDataSourceWrapper]
2019-06-29 19:06:18.940 INFO  [main]o.s.jmx.export.annotation.AnnotationMBeanExporter.registerBeanInstance():668 -Located MBean 'statFilter': registering with JMX server as MBean [com.alibaba.druid.filter.stat:name=statFilter,type=StatFilter]
2019-06-29 19:06:18.946 INFO  [main]o.s.context.support.DefaultLifecycleProcessor.start():351 -Starting beans in phase 2147483647
2019-06-29 19:06:18.947 INFO  [main]s.d.spring.web.plugins.DocumentationPluginsBootstrapper.start():160 -Context refreshed
2019-06-29 19:06:18.976 INFO  [main]s.d.spring.web.plugins.DocumentationPluginsBootstrapper.start():163 -Found 1 custom documentation plugin(s)
2019-06-29 19:06:19.015 INFO  [main]s.d.spring.web.scanners.ApiListingReferenceScanner.scan():41 -Scanning for api listing references
2019-06-29 19:06:19.045 INFO  [main]org.apache.coyote.http11.Http11NioProtocol.log():180 -Starting ProtocolHandler ["http-nio-8090"]
2019-06-29 19:06:19.068 INFO  [main]org.apache.tomcat.util.net.NioSelectorPool.log():180 -Using a shared selector for servlet write/read
2019-06-29 19:06:19.086 INFO  [main]o.s.boot.web.embedded.tomcat.TomcatWebServer.start():206 -Tomcat started on port(s): 8090 (http) with context path '/demo'
2019-06-29 19:06:19.090 INFO  [main]com.lerr.demo.SpringbootBaseDemoApplication.logStarted():59 -Started SpringbootBaseDemoApplication in 7.079 seconds (JVM running for 8.243)
2019-06-29 19:06:19.093 INFO  [main]com.lerr.demo.SpringbootBaseDemoApplication.main():20 -project is running, see api doc at http://localhost:8090/demo/swagger-ui.html
2019-06-29 19:06:19.478 INFO  [RMI TCP Connection(6)-127.0.0.1]o.a.c.core.ContainerBase.[Tomcat].[localhost].[/demo].log():180 -Initializing Spring FrameworkServlet 'dispatcherServlet'
2019-06-29 19:06:19.479 INFO  [RMI TCP Connection(6)-127.0.0.1]org.springframework.web.servlet.DispatcherServlet.initServletBean():494 -FrameworkServlet 'dispatcherServlet': initialization started
2019-06-29 19:06:19.509 INFO  [RMI TCP Connection(6)-127.0.0.1]org.springframework.web.servlet.DispatcherServlet.initServletBean():509 -FrameworkServlet 'dispatcherServlet': initialization completed in 30 ms
